<?xml version="1.0" encoding="UTF-8"?>
<testsuite name="AppTest" tests="1" skipped="0" failures="0" errors="0" timestamp="2018-06-27T21:01:47" hostname="carlos-VirtualBox" time="0.006">
  <properties/>
  <testcase name="testAppHasAGreeting" classname="AppTest" time="0.006"/>
  <system-out><![CDATA[]]></system-out>
  <system-err><![CDATA[]]></system-err>
</testsuite>
